<?xml version="1.0" encoding="UTF-8"?>
<!-- Generated by org.testng.reporters.JUnitReportReporter -->
<testsuite skipped="0" hostname="EPINHYDW0767" name="com.epam.testCases.HomePageTest" tests="2" failures="0" timestamp="2021-04-19T16:03:30 IST" time="0.179" errors="0">
  <testcase name="checkAddRemove" time="0.103" classname="com.epam.testCases.HomePageTest"/>
  <system-out/>
  <testcase name="checkChallengeDom" time="0.076" classname="com.epam.testCases.HomePageTest"/>
  <system-out/>
</testsuite> <!-- com.epam.testCases.HomePageTest -->
